<?xml version="1.0" encoding="UTF-8"?>
<robot generator="Robot 7.2.2 (Python 3.13.2 on win32)" generated="2025-04-09T10:13:50.468905" rpa="false" schemaversion="5">
<suite id="s1" name="Bdd" source="C:\Users\saulo\projects\Robotframework_test\bdd.robot">
<test id="s1-t1" name="Caso de Teste 01 - Acesso ao menu &quot;Eletrônicos&quot;" line="9">
<kw name="Abrir o navegador" owner="amazon_resources" type="SETUP">
<kw name="Open Browser" owner="SeleniumLibrary">
<msg time="2025-04-09T10:13:51.257972" level="INFO">Opening browser 'chrome' to base url 'None'.</msg>
<arg>browser=${BROWSER}</arg>
<doc>Opens a new browser instance to the optional ``url``.</doc>
<status status="PASS" start="2025-04-09T10:13:51.257734" elapsed="4.125642"/>
</kw>
<kw name="Maximize Browser Window" owner="SeleniumLibrary">
<doc>Maximizes current browser window.</doc>
<status status="PASS" start="2025-04-09T10:13:55.383721" elapsed="0.029549"/>
</kw>
<status status="PASS" start="2025-04-09T10:13:51.257065" elapsed="4.156380"/>
</kw>
<kw name="Dado que estou na home page da Amazon.com.br" owner="amazon_resources">
<kw name="Acessar a home page do site Amazon.com.br" owner="amazon_resources">
<kw name="Go To" owner="SeleniumLibrary">
<msg time="2025-04-09T10:13:55.414774" level="INFO">Opening url 'http://www.amazon.com.br'</msg>
<arg>url=${URL}</arg>
<doc>Navigates the current browser window to the provided ``url``.</doc>
<status status="PASS" start="2025-04-09T10:13:55.414562" elapsed="1.920812"/>
</kw>
<kw name="Wait Until Element Is Visible" owner="SeleniumLibrary">
<arg>locator=${MENU_ELETRONICOS}</arg>
<doc>Waits until the element ``locator`` is visible.</doc>
<status status="PASS" start="2025-04-09T10:13:57.335683" elapsed="0.087426"/>
</kw>
<status status="PASS" start="2025-04-09T10:13:55.414293" elapsed="2.008990"/>
</kw>
<kw name="Verificar se o título da página fica &quot;Amazon.com.br | Compre livros, Kindle, Echo, Fire Tv e mais.&quot;" owner="amazon_resources" source_name="Verificar se o título da página fica &quot;${TITULO}&quot;">
<kw name="Title Should Be" owner="SeleniumLibrary">
<msg time="2025-04-09T10:13:57.693006" level="INFO" html="true">&lt;/td&gt;&lt;/tr&gt;&lt;tr&gt;&lt;td colspan="3"&gt;&lt;a href="selenium-screenshot-2.png"&gt;&lt;img src="selenium-screenshot-2.png" width="800px"&gt;&lt;/a&gt;</msg>
<msg time="2025-04-09T10:13:57.693196" level="FAIL">Title should have been 'Amazon.com.br | Compre livros, Kindle, Echo, Fire Tv e mais.' but was 'Amazon.com.br | Tudo pra você, de A a Z.'.</msg>
<arg>title=${TITULO}</arg>
<doc>Verifies that the current page title equals ``title``.</doc>
<status status="FAIL" start="2025-04-09T10:13:57.424078" elapsed="0.279470">Title should have been 'Amazon.com.br | Compre livros, Kindle, Echo, Fire Tv e mais.' but was 'Amazon.com.br | Tudo pra você, de A a Z.'.</status>
</kw>
<status status="FAIL" start="2025-04-09T10:13:57.423639" elapsed="0.280162">Title should have been 'Amazon.com.br | Compre livros, Kindle, Echo, Fire Tv e mais.' but was 'Amazon.com.br | Tudo pra você, de A a Z.'.</status>
</kw>
<status status="FAIL" start="2025-04-09T10:13:55.413914" elapsed="2.290031">Title should have been 'Amazon.com.br | Compre livros, Kindle, Echo, Fire Tv e mais.' but was 'Amazon.com.br | Tudo pra você, de A a Z.'.</status>
</kw>
<kw name="Quando acessar o menu &quot;Eletrônicos&quot;" owner="amazon_resources">
<status status="NOT RUN" start="2025-04-09T10:13:57.704321" elapsed="0.000056"/>
</kw>
<kw name="Então o título da página deve ficar &quot;Eletrônicos e Tecnologia | Amazon.com.br&quot;" owner="amazon_resources">
<status status="NOT RUN" start="2025-04-09T10:13:57.704658" elapsed="0.000041"/>
</kw>
<kw name="E o texto &quot;Eletrônicos e Tecnologia&quot; deve ser exibido na página" owner="amazon_resources">
<status status="NOT RUN" start="2025-04-09T10:13:57.704917" elapsed="0.000051"/>
</kw>
<kw name="E a categoria &quot;Computadores e Informática&quot; deve ser exibida na página" owner="amazon_resources">
<status status="NOT RUN" start="2025-04-09T10:13:57.705302" elapsed="0.000074"/>
</kw>
<kw name="Fechar o navegador" owner="amazon_resources" type="TEARDOWN">
<kw name="Capture Page Screenshot" owner="SeleniumLibrary">
<msg time="2025-04-09T10:13:57.911300" level="INFO" html="true">&lt;/td&gt;&lt;/tr&gt;&lt;tr&gt;&lt;td colspan="3"&gt;&lt;a href="selenium-screenshot-3.png"&gt;&lt;img src="selenium-screenshot-3.png" width="800px"&gt;&lt;/a&gt;</msg>
<doc>Takes a screenshot of the current page and embeds it into a log file.</doc>
<status status="PASS" start="2025-04-09T10:13:57.707085" elapsed="0.204405"/>
</kw>
<kw name="Close Browser" owner="SeleniumLibrary">
<doc>Closes the current browser.</doc>
<status status="PASS" start="2025-04-09T10:13:57.911753" elapsed="2.197839"/>
</kw>
<status status="PASS" start="2025-04-09T10:13:57.705879" elapsed="2.403895"/>
</kw>
<doc>Esse teste verifica o menu eletrônicos do site da Amazon.com.br
e verifica a categoria Computadores e Informática</doc>
<tag>categorias</tag>
<tag>menus</tag>
<status status="FAIL" start="2025-04-09T10:13:51.256137" elapsed="8.854113">Title should have been 'Amazon.com.br | Compre livros, Kindle, Echo, Fire Tv e mais.' but was 'Amazon.com.br | Tudo pra você, de A a Z.'.</status>
</test>
<test id="s1-t2" name="Caso de Teste 02 - Pesquisa de um Produto" line="19">
<kw name="Abrir o navegador" owner="amazon_resources" type="SETUP">
<kw name="Open Browser" owner="SeleniumLibrary">
<msg time="2025-04-09T10:14:00.112419" level="INFO">Opening browser 'chrome' to base url 'None'.</msg>
<arg>browser=${BROWSER}</arg>
<doc>Opens a new browser instance to the optional ``url``.</doc>
<status status="PASS" start="2025-04-09T10:14:00.112161" elapsed="1.607256"/>
</kw>
<kw name="Maximize Browser Window" owner="SeleniumLibrary">
<doc>Maximizes current browser window.</doc>
<status status="PASS" start="2025-04-09T10:14:01.719674" elapsed="0.040089"/>
</kw>
<status status="PASS" start="2025-04-09T10:14:00.111798" elapsed="1.648099"/>
</kw>
<kw name="Dado que estou na home page da Amazon.com.br" owner="amazon_resources">
<kw name="Acessar a home page do site Amazon.com.br" owner="amazon_resources">
<kw name="Go To" owner="SeleniumLibrary">
<msg time="2025-04-09T10:14:01.760886" level="INFO">Opening url 'http://www.amazon.com.br'</msg>
<arg>url=${URL}</arg>
<doc>Navigates the current browser window to the provided ``url``.</doc>
<status status="PASS" start="2025-04-09T10:14:01.760740" elapsed="1.488005"/>
</kw>
<kw name="Wait Until Element Is Visible" owner="SeleniumLibrary">
<arg>locator=${MENU_ELETRONICOS}</arg>
<doc>Waits until the element ``locator`` is visible.</doc>
<status status="PASS" start="2025-04-09T10:14:03.249004" elapsed="0.110140"/>
</kw>
<status status="PASS" start="2025-04-09T10:14:01.760553" elapsed="1.598761"/>
</kw>
<kw name="Verificar se o título da página fica &quot;Amazon.com.br | Compre livros, Kindle, Echo, Fire Tv e mais.&quot;" owner="amazon_resources" source_name="Verificar se o título da página fica &quot;${TITULO}&quot;">
<kw name="Title Should Be" owner="SeleniumLibrary">
<msg time="2025-04-09T10:14:03.672187" level="INFO" html="true">&lt;/td&gt;&lt;/tr&gt;&lt;tr&gt;&lt;td colspan="3"&gt;&lt;a href="selenium-screenshot-4.png"&gt;&lt;img src="selenium-screenshot-4.png" width="800px"&gt;&lt;/a&gt;</msg>
<msg time="2025-04-09T10:14:03.672404" level="FAIL">Title should have been 'Amazon.com.br | Compre livros, Kindle, Echo, Fire Tv e mais.' but was 'Amazon.com.br | Tudo pra você, de A a Z.'.</msg>
<arg>title=${TITULO}</arg>
<doc>Verifies that the current page title equals ``title``.</doc>
<status status="FAIL" start="2025-04-09T10:14:03.359970" elapsed="0.313265">Title should have been 'Amazon.com.br | Compre livros, Kindle, Echo, Fire Tv e mais.' but was 'Amazon.com.br | Tudo pra você, de A a Z.'.</status>
</kw>
<status status="FAIL" start="2025-04-09T10:14:03.359618" elapsed="0.313768">Title should have been 'Amazon.com.br | Compre livros, Kindle, Echo, Fire Tv e mais.' but was 'Amazon.com.br | Tudo pra você, de A a Z.'.</status>
</kw>
<status status="FAIL" start="2025-04-09T10:14:01.760274" elapsed="1.913334">Title should have been 'Amazon.com.br | Compre livros, Kindle, Echo, Fire Tv e mais.' but was 'Amazon.com.br | Tudo pra você, de A a Z.'.</status>
</kw>
<kw name="Quando pesquisar pelo produto &quot;Xbox Series S&quot;" owner="amazon_resources">
<status status="NOT RUN" start="2025-04-09T10:14:03.673960" elapsed="0.000052"/>
</kw>
<kw name="Então o título da página deve ficar &quot;Amazon.com.br : Xbox Series S&quot;" owner="amazon_resources">
<status status="NOT RUN" start="2025-04-09T10:14:03.674270" elapsed="0.000042"/>
</kw>
<kw name="E um produto da linha &quot;Xbox Series S&quot; deve ser mostrado na página" owner="amazon_resources">
<status status="NOT RUN" start="2025-04-09T10:14:03.674506" elapsed="0.000037"/>
</kw>
<kw name="Fechar o navegador" owner="amazon_resources" type="TEARDOWN">
<kw name="Capture Page Screenshot" owner="SeleniumLibrary">
<msg time="2025-04-09T10:14:03.952109" level="INFO" html="true">&lt;/td&gt;&lt;/tr&gt;&lt;tr&gt;&lt;td colspan="3"&gt;&lt;a href="selenium-screenshot-5.png"&gt;&lt;img src="selenium-screenshot-5.png" width="800px"&gt;&lt;/a&gt;</msg>
<doc>Takes a screenshot of the current page and embeds it into a log file.</doc>
<status status="PASS" start="2025-04-09T10:14:03.675177" elapsed="0.277094"/>
</kw>
<kw name="Close Browser" owner="SeleniumLibrary">
<doc>Closes the current browser.</doc>
<status status="PASS" start="2025-04-09T10:14:03.952511" elapsed="2.179868"/>
</kw>
<status status="PASS" start="2025-04-09T10:14:03.674849" elapsed="2.457720"/>
</kw>
<doc>Esse teste verifica a busca de um produto</doc>
<tag>busca_produtos</tag>
<tag>lista_busca</tag>
<status status="FAIL" start="2025-04-09T10:14:00.111131" elapsed="6.021655">Title should have been 'Amazon.com.br | Compre livros, Kindle, Echo, Fire Tv e mais.' but was 'Amazon.com.br | Tudo pra você, de A a Z.'.</status>
</test>
<test id="s1-t3" name="Caso de Teste 03 - Adicionar Produto no Carrinho" line="27">
<kw name="Abrir o navegador" owner="amazon_resources" type="SETUP">
<kw name="Open Browser" owner="SeleniumLibrary">
<msg time="2025-04-09T10:14:06.134359" level="INFO">Opening browser 'chrome' to base url 'None'.</msg>
<arg>browser=${BROWSER}</arg>
<doc>Opens a new browser instance to the optional ``url``.</doc>
<status status="PASS" start="2025-04-09T10:14:06.134180" elapsed="1.573409"/>
</kw>
<kw name="Maximize Browser Window" owner="SeleniumLibrary">
<doc>Maximizes current browser window.</doc>
<status status="PASS" start="2025-04-09T10:14:07.707780" elapsed="0.036765"/>
</kw>
<status status="PASS" start="2025-04-09T10:14:06.133926" elapsed="1.610744"/>
</kw>
<kw name="Dado que estou na home page da Amazon.com.br" owner="amazon_resources">
<kw name="Acessar a home page do site Amazon.com.br" owner="amazon_resources">
<kw name="Go To" owner="SeleniumLibrary">
<msg time="2025-04-09T10:14:07.745622" level="INFO">Opening url 'http://www.amazon.com.br'</msg>
<arg>url=${URL}</arg>
<doc>Navigates the current browser window to the provided ``url``.</doc>
<status status="PASS" start="2025-04-09T10:14:07.745473" elapsed="1.422959"/>
</kw>
<kw name="Wait Until Element Is Visible" owner="SeleniumLibrary">
<arg>locator=${MENU_ELETRONICOS}</arg>
<doc>Waits until the element ``locator`` is visible.</doc>
<status status="PASS" start="2025-04-09T10:14:09.168674" elapsed="0.043796"/>
</kw>
<status status="PASS" start="2025-04-09T10:14:07.745285" elapsed="1.467338"/>
</kw>
<kw name="Verificar se o título da página fica &quot;Amazon.com.br | Compre livros, Kindle, Echo, Fire Tv e mais.&quot;" owner="amazon_resources" source_name="Verificar se o título da página fica &quot;${TITULO}&quot;">
<kw name="Title Should Be" owner="SeleniumLibrary">
<msg time="2025-04-09T10:14:09.532154" level="INFO" html="true">&lt;/td&gt;&lt;/tr&gt;&lt;tr&gt;&lt;td colspan="3"&gt;&lt;a href="selenium-screenshot-6.png"&gt;&lt;img src="selenium-screenshot-6.png" width="800px"&gt;&lt;/a&gt;</msg>
<msg time="2025-04-09T10:14:09.532361" level="FAIL">Title should have been 'Amazon.com.br | Compre livros, Kindle, Echo, Fire Tv e mais.' but was 'Amazon.com.br | Tudo pra você, de A a Z.'.</msg>
<arg>title=${TITULO}</arg>
<doc>Verifies that the current page title equals ``title``.</doc>
<status status="FAIL" start="2025-04-09T10:14:09.213285" elapsed="0.320185">Title should have been 'Amazon.com.br | Compre livros, Kindle, Echo, Fire Tv e mais.' but was 'Amazon.com.br | Tudo pra você, de A a Z.'.</status>
</kw>
<status status="FAIL" start="2025-04-09T10:14:09.212933" elapsed="0.320756">Title should have been 'Amazon.com.br | Compre livros, Kindle, Echo, Fire Tv e mais.' but was 'Amazon.com.br | Tudo pra você, de A a Z.'.</status>
</kw>
<status status="FAIL" start="2025-04-09T10:14:07.745016" elapsed="1.788806">Title should have been 'Amazon.com.br | Compre livros, Kindle, Echo, Fire Tv e mais.' but was 'Amazon.com.br | Tudo pra você, de A a Z.'.</status>
</kw>
<kw name="Quando adicionar o produto &quot;Console Xbox Series S&quot; no carrinho" owner="amazon_resources">
<status status="NOT RUN" start="2025-04-09T10:14:09.534255" elapsed="0.000072"/>
</kw>
<kw name="Então o produto &quot;Console Xbox Series S&quot; deve ser mostrado no carrinho" owner="amazon_resources">
<status status="NOT RUN" start="2025-04-09T10:14:09.534620" elapsed="0.000058"/>
</kw>
<kw name="Fechar o navegador" owner="amazon_resources" type="TEARDOWN">
<kw name="Capture Page Screenshot" owner="SeleniumLibrary">
<msg time="2025-04-09T10:14:09.737631" level="INFO" html="true">&lt;/td&gt;&lt;/tr&gt;&lt;tr&gt;&lt;td colspan="3"&gt;&lt;a href="selenium-screenshot-7.png"&gt;&lt;img src="selenium-screenshot-7.png" width="800px"&gt;&lt;/a&gt;</msg>
<doc>Takes a screenshot of the current page and embeds it into a log file.</doc>
<status status="PASS" start="2025-04-09T10:14:09.535454" elapsed="0.202388"/>
</kw>
<kw name="Close Browser" owner="SeleniumLibrary">
<doc>Closes the current browser.</doc>
<status status="PASS" start="2025-04-09T10:14:09.738178" elapsed="2.177297"/>
</kw>
<status status="PASS" start="2025-04-09T10:14:09.535087" elapsed="2.380577"/>
</kw>
<doc>Esse teste verifica a adição de um produto no carrinho de compras</doc>
<tag>adicionar_carrinho</tag>
<status status="FAIL" start="2025-04-09T10:14:06.133455" elapsed="5.782453">Title should have been 'Amazon.com.br | Compre livros, Kindle, Echo, Fire Tv e mais.' but was 'Amazon.com.br | Tudo pra você, de A a Z.'.</status>
</test>
<test id="s1-t4" name="Caso de Teste 04 - Remover Produto do Carrinho" line="34">
<kw name="Abrir o navegador" owner="amazon_resources" type="SETUP">
<kw name="Open Browser" owner="SeleniumLibrary">
<msg time="2025-04-09T10:14:11.918086" level="INFO">Opening browser 'chrome' to base url 'None'.</msg>
<arg>browser=${BROWSER}</arg>
<doc>Opens a new browser instance to the optional ``url``.</doc>
<status status="PASS" start="2025-04-09T10:14:11.917777" elapsed="1.575141"/>
</kw>
<kw name="Maximize Browser Window" owner="SeleniumLibrary">
<doc>Maximizes current browser window.</doc>
<status status="PASS" start="2025-04-09T10:14:13.493100" elapsed="0.040346"/>
</kw>
<status status="PASS" start="2025-04-09T10:14:11.917378" elapsed="1.616183"/>
</kw>
<kw name="Dado que estou na home page da Amazon.com.br" owner="amazon_resources">
<kw name="Acessar a home page do site Amazon.com.br" owner="amazon_resources">
<kw name="Go To" owner="SeleniumLibrary">
<msg time="2025-04-09T10:14:13.534508" level="INFO">Opening url 'http://www.amazon.com.br'</msg>
<arg>url=${URL}</arg>
<doc>Navigates the current browser window to the provided ``url``.</doc>
<status status="PASS" start="2025-04-09T10:14:13.534359" elapsed="1.399022"/>
</kw>
<kw name="Wait Until Element Is Visible" owner="SeleniumLibrary">
<arg>locator=${MENU_ELETRONICOS}</arg>
<doc>Waits until the element ``locator`` is visible.</doc>
<status status="PASS" start="2025-04-09T10:14:14.933666" elapsed="0.057179"/>
</kw>
<status status="PASS" start="2025-04-09T10:14:13.534170" elapsed="1.456808"/>
</kw>
<kw name="Verificar se o título da página fica &quot;Amazon.com.br | Compre livros, Kindle, Echo, Fire Tv e mais.&quot;" owner="amazon_resources" source_name="Verificar se o título da página fica &quot;${TITULO}&quot;">
<kw name="Title Should Be" owner="SeleniumLibrary">
<msg time="2025-04-09T10:14:15.402677" level="INFO" html="true">&lt;/td&gt;&lt;/tr&gt;&lt;tr&gt;&lt;td colspan="3"&gt;&lt;a href="selenium-screenshot-8.png"&gt;&lt;img src="selenium-screenshot-8.png" width="800px"&gt;&lt;/a&gt;</msg>
<msg time="2025-04-09T10:14:15.402888" level="FAIL">Title should have been 'Amazon.com.br | Compre livros, Kindle, Echo, Fire Tv e mais.' but was 'Amazon.com.br | Tudo pra você, de A a Z.'.</msg>
<arg>title=${TITULO}</arg>
<doc>Verifies that the current page title equals ``title``.</doc>
<status status="FAIL" start="2025-04-09T10:14:14.991768" elapsed="0.412076">Title should have been 'Amazon.com.br | Compre livros, Kindle, Echo, Fire Tv e mais.' but was 'Amazon.com.br | Tudo pra você, de A a Z.'.</status>
</kw>
<status status="FAIL" start="2025-04-09T10:14:14.991425" elapsed="0.412643">Title should have been 'Amazon.com.br | Compre livros, Kindle, Echo, Fire Tv e mais.' but was 'Amazon.com.br | Tudo pra você, de A a Z.'.</status>
</kw>
<status status="FAIL" start="2025-04-09T10:14:13.533898" elapsed="1.870312">Title should have been 'Amazon.com.br | Compre livros, Kindle, Echo, Fire Tv e mais.' but was 'Amazon.com.br | Tudo pra você, de A a Z.'.</status>
</kw>
<kw name="E existe o produto &quot;Console Xbox Series S&quot; no carrinho" owner="amazon_resources">
<status status="NOT RUN" start="2025-04-09T10:14:15.404603" elapsed="0.000058"/>
</kw>
<kw name="Quando remover o produto &quot;Console Xbox Series S&quot; do carrinho" owner="amazon_resources">
<status status="NOT RUN" start="2025-04-09T10:14:15.404866" elapsed="0.000034"/>
</kw>
<kw name="Então o carrinho deve ficar vazio" owner="amazon_resources">
<status status="NOT RUN" start="2025-04-09T10:14:15.405079" elapsed="0.000031"/>
</kw>
<kw name="Fechar o navegador" owner="amazon_resources" type="TEARDOWN">
<kw name="Capture Page Screenshot" owner="SeleniumLibrary">
<msg time="2025-04-09T10:14:15.601467" level="INFO" html="true">&lt;/td&gt;&lt;/tr&gt;&lt;tr&gt;&lt;td colspan="3"&gt;&lt;a href="selenium-screenshot-9.png"&gt;&lt;img src="selenium-screenshot-9.png" width="800px"&gt;&lt;/a&gt;</msg>
<doc>Takes a screenshot of the current page and embeds it into a log file.</doc>
<status status="PASS" start="2025-04-09T10:14:15.405607" elapsed="0.196028"/>
</kw>
<kw name="Close Browser" owner="SeleniumLibrary">
<doc>Closes the current browser.</doc>
<status status="PASS" start="2025-04-09T10:14:15.601894" elapsed="2.163691"/>
</kw>
<status status="PASS" start="2025-04-09T10:14:15.405359" elapsed="2.360485"/>
</kw>
<doc>Esse teste verifica a remoção de um produto no carrinho de compras</doc>
<tag>remover_carrinho</tag>
<status status="FAIL" start="2025-04-09T10:14:11.916704" elapsed="5.849462">Title should have been 'Amazon.com.br | Compre livros, Kindle, Echo, Fire Tv e mais.' but was 'Amazon.com.br | Tudo pra você, de A a Z.'.</status>
</test>
<doc>Essa suíte testa o site da Amazon.com.br</doc>
<status status="FAIL" start="2025-04-09T10:13:50.470783" elapsed="27.296326"/>
</suite>
<statistics>
<total>
<stat pass="0" fail="4" skip="0">All Tests</stat>
</total>
<tag>
<stat pass="0" fail="1" skip="0">adicionar_carrinho</stat>
<stat pass="0" fail="1" skip="0">busca_produtos</stat>
<stat pass="0" fail="1" skip="0">categorias</stat>
<stat pass="0" fail="1" skip="0">lista_busca</stat>
<stat pass="0" fail="1" skip="0">menus</stat>
<stat pass="0" fail="1" skip="0">remover_carrinho</stat>
</tag>
<suite>
<stat name="Bdd" id="s1" pass="0" fail="4" skip="0">Bdd</stat>
</suite>
</statistics>
<errors>
</errors>
</robot>
